2023-01-12 09:43:04.829  INFO 2876 --- [restartedMain] c.pws.admin.PwsAdminServiceApplication   : Starting PwsAdminServiceApplication using Java 17.0.5 on DESKTOP-CCRJIGP with PID 2876 (C:\Users\LENOVO\Downloads\admin-service (4)\admin-service\target\classes started by LENOVO in C:\Users\LENOVO\Downloads\admin-service (4)\admin-service)
2023-01-12 09:43:04.833  INFO 2876 --- [restartedMain] c.pws.admin.PwsAdminServiceApplication   : No active profile set, falling back to 1 default profile: "default"
2023-01-12 09:43:04.892  INFO 2876 --- [restartedMain] .e.DevToolsPropertyDefaultsPostProcessor : Devtools property defaults active! Set 'spring.devtools.add-properties' to 'false' to disable
2023-01-12 09:43:04.893  INFO 2876 --- [restartedMain] .e.DevToolsPropertyDefaultsPostProcessor : For additional web related logging consider setting the 'logging.level.web' property to 'DEBUG'
2023-01-12 09:43:05.605  INFO 2876 --- [restartedMain] .s.d.r.c.RepositoryConfigurationDelegate : Bootstrapping Spring Data JPA repositories in DEFAULT mode.
2023-01-12 09:43:05.683  INFO 2876 --- [restartedMain] .s.d.r.c.RepositoryConfigurationDelegate : Finished Spring Data repository scanning in 72 ms. Found 5 JPA repository interfaces.
2023-01-12 09:43:06.291  INFO 2876 --- [restartedMain] o.s.b.w.embedded.tomcat.TomcatWebServer  : Tomcat initialized with port(s): 8080 (http)
2023-01-12 09:43:06.301  INFO 2876 --- [restartedMain] o.apache.catalina.core.StandardService   : Starting service [Tomcat]
2023-01-12 09:43:06.302  INFO 2876 --- [restartedMain] org.apache.catalina.core.StandardEngine  : Starting Servlet engine: [Apache Tomcat/9.0.65]
2023-01-12 09:43:06.370  INFO 2876 --- [restartedMain] o.a.c.c.C.[Tomcat].[localhost].[/]       : Initializing Spring embedded WebApplicationContext
2023-01-12 09:43:06.370  INFO 2876 --- [restartedMain] w.s.c.ServletWebServerApplicationContext : Root WebApplicationContext: initialization completed in 1477 ms
2023-01-12 09:43:06.515  INFO 2876 --- [restartedMain] o.hibernate.jpa.internal.util.LogHelper  : HHH000204: Processing PersistenceUnitInfo [name: default]
2023-01-12 09:43:06.566  INFO 2876 --- [restartedMain] org.hibernate.Version                    : HHH000412: Hibernate ORM core version 5.6.10.Final
2023-01-12 09:43:06.745  INFO 2876 --- [restartedMain] o.hibernate.annotations.common.Version   : HCANN000001: Hibernate Commons Annotations {5.1.2.Final}
2023-01-12 09:43:06.846  INFO 2876 --- [restartedMain] com.zaxxer.hikari.HikariDataSource       : HikariPool-1 - Starting...
2023-01-12 09:43:07.162  INFO 2876 --- [restartedMain] com.zaxxer.hikari.HikariDataSource       : HikariPool-1 - Start completed.
2023-01-12 09:43:07.177  INFO 2876 --- [restartedMain] org.hibernate.dialect.Dialect            : HHH000400: Using dialect: org.hibernate.dialect.MySQL5Dialect
2023-01-12 09:43:08.031  INFO 2876 --- [restartedMain] o.h.e.t.j.p.i.JtaPlatformInitiator       : HHH000490: Using JtaPlatform implementation: [org.hibernate.engine.transaction.jta.platform.internal.NoJtaPlatform]
2023-01-12 09:43:08.039  INFO 2876 --- [restartedMain] j.LocalContainerEntityManagerFactoryBean : Initialized JPA EntityManagerFactory for persistence unit 'default'
2023-01-12 09:43:08.482  WARN 2876 --- [restartedMain] JpaBaseConfiguration$JpaWebConfiguration : spring.jpa.open-in-view is enabled by default. Therefore, database queries may be performed during view rendering. Explicitly configure spring.jpa.open-in-view to disable this warning
2023-01-12 09:43:08.846  INFO 2876 --- [restartedMain] o.s.s.web.DefaultSecurityFilterChain     : Will secure Or [Ant [pattern='/oauth/token'], Ant [pattern='/oauth/token_key'], Ant [pattern='/oauth/check_token']] with [org.springframework.security.web.session.DisableEncodeUrlFilter@28ed8a10, org.springframework.security.web.context.request.async.WebAsyncManagerIntegrationFilter@f5a6574, org.springframework.security.web.context.SecurityContextPersistenceFilter@579ca3db, org.springframework.security.web.header.HeaderWriterFilter@7fe1a2d4, org.springframework.security.web.authentication.logout.LogoutFilter@b442f2d, org.springframework.security.web.authentication.www.BasicAuthenticationFilter@65a38135, org.springframework.security.web.savedrequest.RequestCacheAwareFilter@7692c41, org.springframework.security.web.servletapi.SecurityContextHolderAwareRequestFilter@6a831fde, org.springframework.security.web.authentication.AnonymousAuthenticationFilter@6df3a32c, org.springframework.security.web.session.SessionManagementFilter@3973e5dd, org.springframework.security.web.access.ExceptionTranslationFilter@6347edef, org.springframework.security.web.access.intercept.FilterSecurityInterceptor@3de53462]
2023-01-12 09:43:08.857  INFO 2876 --- [restartedMain] o.s.s.web.DefaultSecurityFilterChain     : Will secure org.springframework.security.oauth2.config.annotation.web.configuration.ResourceServerConfiguration$NotOAuthRequestMatcher@59c46fa3 with [org.springframework.security.web.session.DisableEncodeUrlFilter@64c7e52d, org.springframework.security.web.context.request.async.WebAsyncManagerIntegrationFilter@41902e99, org.springframework.security.web.context.SecurityContextPersistenceFilter@49620da9, org.springframework.security.web.header.HeaderWriterFilter@15279614, org.springframework.security.web.authentication.logout.LogoutFilter@5db2947c, org.springframework.security.oauth2.provider.authentication.OAuth2AuthenticationProcessingFilter@b8f47e4, org.springframework.security.web.savedrequest.RequestCacheAwareFilter@7a82aecd, org.springframework.security.web.servletapi.SecurityContextHolderAwareRequestFilter@53bc00bf, org.springframework.security.web.authentication.AnonymousAuthenticationFilter@299ef381, org.springframework.security.web.session.SessionManagementFilter@6e17231f, org.springframework.security.web.access.ExceptionTranslationFilter@645af131, org.springframework.security.web.access.intercept.FilterSecurityInterceptor@1bbe6b09]
2023-01-12 09:43:08.865  INFO 2876 --- [restartedMain] o.s.s.web.DefaultSecurityFilterChain     : Will secure any request with [org.springframework.security.web.session.DisableEncodeUrlFilter@4641b10b, org.springframework.security.web.context.request.async.WebAsyncManagerIntegrationFilter@b810d5f, org.springframework.security.web.context.SecurityContextPersistenceFilter@4ca2088a, org.springframework.security.web.header.HeaderWriterFilter@24b699d0, org.springframework.security.web.csrf.CsrfFilter@25a6d223, org.springframework.security.web.authentication.logout.LogoutFilter@a7a9a32, org.springframework.security.web.authentication.UsernamePasswordAuthenticationFilter@5f80106a, org.springframework.security.web.authentication.ui.DefaultLoginPageGeneratingFilter@11472980, org.springframework.security.web.authentication.ui.DefaultLogoutPageGeneratingFilter@545d5f05, org.springframework.security.web.authentication.www.BasicAuthenticationFilter@781962d1, org.springframework.security.web.savedrequest.RequestCacheAwareFilter@69b5deb1, org.springframework.security.web.servletapi.SecurityContextHolderAwareRequestFilter@795da24e, org.springframework.security.web.authentication.AnonymousAuthenticationFilter@6761b0b5, org.springframework.security.web.session.SessionManagementFilter@5f86ee93, org.springframework.security.web.access.ExceptionTranslationFilter@66586d52, org.springframework.security.web.access.intercept.FilterSecurityInterceptor@498081b5]
2023-01-12 09:43:09.154  INFO 2876 --- [restartedMain] o.s.b.d.a.OptionalLiveReloadServer       : LiveReload server is running on port 35729
2023-01-12 09:43:09.197  INFO 2876 --- [restartedMain] o.s.b.w.embedded.tomcat.TomcatWebServer  : Tomcat started on port(s): 8080 (http) with context path ''
2023-01-12 09:43:09.210  INFO 2876 --- [restartedMain] c.pws.admin.PwsAdminServiceApplication   : Started PwsAdminServiceApplication in 4.785 seconds (JVM running for 5.702)
2023-01-12 09:48:05.496  INFO 2876 --- [http-nio-8080-exec-1] o.a.c.c.C.[Tomcat].[localhost].[/]       : Initializing Spring DispatcherServlet 'dispatcherServlet'
2023-01-12 09:48:05.497  INFO 2876 --- [http-nio-8080-exec-1] o.s.web.servlet.DispatcherServlet        : Initializing Servlet 'dispatcherServlet'
2023-01-12 09:48:05.500  INFO 2876 --- [http-nio-8080-exec-1] o.s.web.servlet.DispatcherServlet        : Completed initialization in 2 ms
2023-01-12 09:48:06.136  INFO 2876 --- [http-nio-8080-exec-1] o.s.s.o.p.token.store.JdbcTokenStore     : Failed to find access token
2023-01-12 09:48:34.016 ERROR 2876 --- [http-nio-8080-exec-4] c.p.a.e.config.RestExceptionHandler      : Error : ApiError(timestamp=2023-01-12T09:48:34.015514100, status=400, error=400 BAD_REQUEST, message=Id Not Exists, debugMessage=null, subErrors=null)
2023-01-12 09:48:34.023  WARN 2876 --- [http-nio-8080-exec-4] .m.m.a.ExceptionHandlerExceptionResolver : Resolved [com.pws.admin.exception.config.PWSException: Id Not Exists]
2023-01-12 10:07:51.993  INFO 2876 --- [Thread-5] j.LocalContainerEntityManagerFactoryBean : Closing JPA EntityManagerFactory for persistence unit 'default'
2023-01-12 10:07:51.997  INFO 2876 --- [Thread-5] com.zaxxer.hikari.HikariDataSource       : HikariPool-1 - Shutdown initiated...
2023-01-12 10:07:52.007  INFO 2876 --- [Thread-5] com.zaxxer.hikari.HikariDataSource       : HikariPool-1 - Shutdown completed.
2023-01-12 10:07:52.081  INFO 2876 --- [restartedMain] c.pws.admin.PwsAdminServiceApplication   : Starting PwsAdminServiceApplication using Java 17.0.5 on DESKTOP-CCRJIGP with PID 2876 (C:\Users\LENOVO\Downloads\admin-service (4)\admin-service\target\classes started by LENOVO in C:\Users\LENOVO\Downloads\admin-service (4)\admin-service)
2023-01-12 10:07:52.081  INFO 2876 --- [restartedMain] c.pws.admin.PwsAdminServiceApplication   : No active profile set, falling back to 1 default profile: "default"
2023-01-12 10:07:52.295  INFO 2876 --- [restartedMain] .s.d.r.c.RepositoryConfigurationDelegate : Bootstrapping Spring Data JPA repositories in DEFAULT mode.
2023-01-12 10:07:52.314  INFO 2876 --- [restartedMain] .s.d.r.c.RepositoryConfigurationDelegate : Finished Spring Data repository scanning in 18 ms. Found 5 JPA repository interfaces.
2023-01-12 10:07:52.412  INFO 2876 --- [restartedMain] o.s.b.w.embedded.tomcat.TomcatWebServer  : Tomcat initialized with port(s): 8080 (http)
2023-01-12 10:07:52.413  INFO 2876 --- [restartedMain] o.apache.catalina.core.StandardService   : Starting service [Tomcat]
2023-01-12 10:07:52.413  INFO 2876 --- [restartedMain] org.apache.catalina.core.StandardEngine  : Starting Servlet engine: [Apache Tomcat/9.0.65]
2023-01-12 10:07:52.429  INFO 2876 --- [restartedMain] o.a.c.c.C.[Tomcat].[localhost].[/]       : Initializing Spring embedded WebApplicationContext
2023-01-12 10:07:52.429  INFO 2876 --- [restartedMain] w.s.c.ServletWebServerApplicationContext : Root WebApplicationContext: initialization completed in 345 ms
2023-01-12 10:07:52.478  INFO 2876 --- [restartedMain] o.hibernate.jpa.internal.util.LogHelper  : HHH000204: Processing PersistenceUnitInfo [name: default]
2023-01-12 10:07:52.484  INFO 2876 --- [restartedMain] com.zaxxer.hikari.HikariDataSource       : HikariPool-2 - Starting...
2023-01-12 10:07:52.498  INFO 2876 --- [restartedMain] com.zaxxer.hikari.HikariDataSource       : HikariPool-2 - Start completed.
2023-01-12 10:07:52.498  INFO 2876 --- [restartedMain] org.hibernate.dialect.Dialect            : HHH000400: Using dialect: org.hibernate.dialect.MySQL5Dialect
2023-01-12 10:07:52.805  INFO 2876 --- [restartedMain] o.h.e.t.j.p.i.JtaPlatformInitiator       : HHH000490: Using JtaPlatform implementation: [org.hibernate.engine.transaction.jta.platform.internal.NoJtaPlatform]
2023-01-12 10:07:52.805  INFO 2876 --- [restartedMain] j.LocalContainerEntityManagerFactoryBean : Initialized JPA EntityManagerFactory for persistence unit 'default'
2023-01-12 10:07:53.016  WARN 2876 --- [restartedMain] JpaBaseConfiguration$JpaWebConfiguration : spring.jpa.open-in-view is enabled by default. Therefore, database queries may be performed during view rendering. Explicitly configure spring.jpa.open-in-view to disable this warning
2023-01-12 10:07:53.092  INFO 2876 --- [restartedMain] o.s.s.web.DefaultSecurityFilterChain     : Will secure Or [Ant [pattern='/oauth/token'], Ant [pattern='/oauth/token_key'], Ant [pattern='/oauth/check_token']] with [org.springframework.security.web.session.DisableEncodeUrlFilter@404433ac, org.springframework.security.web.context.request.async.WebAsyncManagerIntegrationFilter@753ead8e, org.springframework.security.web.context.SecurityContextPersistenceFilter@10551572, org.springframework.security.web.header.HeaderWriterFilter@2faa64dc, org.springframework.security.web.authentication.logout.LogoutFilter@6422ef40, org.springframework.security.web.authentication.www.BasicAuthenticationFilter@293fc57b, org.springframework.security.web.savedrequest.RequestCacheAwareFilter@1eb21ad2, org.springframework.security.web.servletapi.SecurityContextHolderAwareRequestFilter@62c2115c, org.springframework.security.web.authentication.AnonymousAuthenticationFilter@2440d689, org.springframework.security.web.session.SessionManagementFilter@77892225, org.springframework.security.web.access.ExceptionTranslationFilter@724f84de, org.springframework.security.web.access.intercept.FilterSecurityInterceptor@31fc0a7a]
2023-01-12 10:07:53.100  INFO 2876 --- [restartedMain] o.s.s.web.DefaultSecurityFilterChain     : Will secure org.springframework.security.oauth2.config.annotation.web.configuration.ResourceServerConfiguration$NotOAuthRequestMatcher@694e8f18 with [org.springframework.security.web.session.DisableEncodeUrlFilter@3cc44cdd, org.springframework.security.web.context.request.async.WebAsyncManagerIntegrationFilter@eb19de8, org.springframework.security.web.context.SecurityContextPersistenceFilter@9bdec9f, org.springframework.security.web.header.HeaderWriterFilter@49a4998d, org.springframework.security.web.authentication.logout.LogoutFilter@3e851619, org.springframework.security.oauth2.provider.authentication.OAuth2AuthenticationProcessingFilter@7fff6cde, org.springframework.security.web.savedrequest.RequestCacheAwareFilter@2a278b94, org.springframework.security.web.servletapi.SecurityContextHolderAwareRequestFilter@472217ac, org.springframework.security.web.authentication.AnonymousAuthenticationFilter@50dee93d, org.springframework.security.web.session.SessionManagementFilter@4836085, org.springframework.security.web.access.ExceptionTranslationFilter@1586c7e3, org.springframework.security.web.access.intercept.FilterSecurityInterceptor@45d37c47]
2023-01-12 10:07:53.105  INFO 2876 --- [restartedMain] o.s.s.web.DefaultSecurityFilterChain     : Will secure any request with [org.springframework.security.web.session.DisableEncodeUrlFilter@1b73e13b, org.springframework.security.web.context.request.async.WebAsyncManagerIntegrationFilter@3c4df75, org.springframework.security.web.context.SecurityContextPersistenceFilter@3f3256e0, org.springframework.security.web.header.HeaderWriterFilter@90e34a3, org.springframework.security.web.csrf.CsrfFilter@2d5ccd63, org.springframework.security.web.authentication.logout.LogoutFilter@768984f3, org.springframework.security.web.authentication.UsernamePasswordAuthenticationFilter@54715ef2, org.springframework.security.web.authentication.ui.DefaultLoginPageGeneratingFilter@742e0a9e, org.springframework.security.web.authentication.ui.DefaultLogoutPageGeneratingFilter@5d9c8731, org.springframework.security.web.authentication.www.BasicAuthenticationFilter@1c8e6258, org.springframework.security.web.savedrequest.RequestCacheAwareFilter@d645896, org.springframework.security.web.servletapi.SecurityContextHolderAwareRequestFilter@75b7deb5, org.springframework.security.web.authentication.AnonymousAuthenticationFilter@32efb278, org.springframework.security.web.session.SessionManagementFilter@744ebadf, org.springframework.security.web.access.ExceptionTranslationFilter@6e4b85fd, org.springframework.security.web.access.intercept.FilterSecurityInterceptor@6c3e8232]
2023-01-12 10:07:53.246  INFO 2876 --- [restartedMain] o.s.b.d.a.OptionalLiveReloadServer       : LiveReload server is running on port 35729
2023-01-12 10:07:53.273  INFO 2876 --- [restartedMain] o.s.b.w.embedded.tomcat.TomcatWebServer  : Tomcat started on port(s): 8080 (http) with context path ''
2023-01-12 10:07:53.282  INFO 2876 --- [restartedMain] c.pws.admin.PwsAdminServiceApplication   : Started PwsAdminServiceApplication in 1.233 seconds (JVM running for 1489.774)
2023-01-12 10:07:53.286  INFO 2876 --- [restartedMain] .ConditionEvaluationDeltaLoggingListener : Condition evaluation unchanged
2023-01-12 10:07:58.794  INFO 2876 --- [Thread-7] j.LocalContainerEntityManagerFactoryBean : Closing JPA EntityManagerFactory for persistence unit 'default'
2023-01-12 10:07:58.796  INFO 2876 --- [Thread-7] com.zaxxer.hikari.HikariDataSource       : HikariPool-2 - Shutdown initiated...
2023-01-12 10:07:58.802  INFO 2876 --- [Thread-7] com.zaxxer.hikari.HikariDataSource       : HikariPool-2 - Shutdown completed.
2023-01-12 10:07:58.868  INFO 2876 --- [restartedMain] c.pws.admin.PwsAdminServiceApplication   : Starting PwsAdminServiceApplication using Java 17.0.5 on DESKTOP-CCRJIGP with PID 2876 (C:\Users\LENOVO\Downloads\admin-service (4)\admin-service\target\classes started by LENOVO in C:\Users\LENOVO\Downloads\admin-service (4)\admin-service)
2023-01-12 10:07:58.869  INFO 2876 --- [restartedMain] c.pws.admin.PwsAdminServiceApplication   : No active profile set, falling back to 1 default profile: "default"
2023-01-12 10:07:59.041  INFO 2876 --- [restartedMain] .s.d.r.c.RepositoryConfigurationDelegate : Bootstrapping Spring Data JPA repositories in DEFAULT mode.
2023-01-12 10:07:59.070  INFO 2876 --- [restartedMain] .s.d.r.c.RepositoryConfigurationDelegate : Finished Spring Data repository scanning in 29 ms. Found 5 JPA repository interfaces.
2023-01-12 10:07:59.182  INFO 2876 --- [restartedMain] o.s.b.w.embedded.tomcat.TomcatWebServer  : Tomcat initialized with port(s): 8080 (http)
2023-01-12 10:07:59.183  INFO 2876 --- [restartedMain] o.apache.catalina.core.StandardService   : Starting service [Tomcat]
2023-01-12 10:07:59.183  INFO 2876 --- [restartedMain] org.apache.catalina.core.StandardEngine  : Starting Servlet engine: [Apache Tomcat/9.0.65]
2023-01-12 10:07:59.196  INFO 2876 --- [restartedMain] o.a.c.c.C.[Tomcat].[localhost].[/]       : Initializing Spring embedded WebApplicationContext
2023-01-12 10:07:59.196  INFO 2876 --- [restartedMain] w.s.c.ServletWebServerApplicationContext : Root WebApplicationContext: initialization completed in 324 ms
2023-01-12 10:07:59.228  INFO 2876 --- [restartedMain] o.hibernate.jpa.internal.util.LogHelper  : HHH000204: Processing PersistenceUnitInfo [name: default]
2023-01-12 10:07:59.233  INFO 2876 --- [restartedMain] com.zaxxer.hikari.HikariDataSource       : HikariPool-3 - Starting...
2023-01-12 10:07:59.246  INFO 2876 --- [restartedMain] com.zaxxer.hikari.HikariDataSource       : HikariPool-3 - Start completed.
2023-01-12 10:07:59.246  INFO 2876 --- [restartedMain] org.hibernate.dialect.Dialect            : HHH000400: Using dialect: org.hibernate.dialect.MySQL5Dialect
2023-01-12 10:07:59.438  INFO 2876 --- [restartedMain] o.h.e.t.j.p.i.JtaPlatformInitiator       : HHH000490: Using JtaPlatform implementation: [org.hibernate.engine.transaction.jta.platform.internal.NoJtaPlatform]
2023-01-12 10:07:59.438  INFO 2876 --- [restartedMain] j.LocalContainerEntityManagerFactoryBean : Initialized JPA EntityManagerFactory for persistence unit 'default'
2023-01-12 10:07:59.566  WARN 2876 --- [restartedMain] JpaBaseConfiguration$JpaWebConfiguration : spring.jpa.open-in-view is enabled by default. Therefore, database queries may be performed during view rendering. Explicitly configure spring.jpa.open-in-view to disable this warning
2023-01-12 10:07:59.611  INFO 2876 --- [restartedMain] o.s.s.web.DefaultSecurityFilterChain     : Will secure Or [Ant [pattern='/oauth/token'], Ant [pattern='/oauth/token_key'], Ant [pattern='/oauth/check_token']] with [org.springframework.security.web.session.DisableEncodeUrlFilter@39cce3f0, org.springframework.security.web.context.request.async.WebAsyncManagerIntegrationFilter@7193093, org.springframework.security.web.context.SecurityContextPersistenceFilter@38811113, org.springframework.security.web.header.HeaderWriterFilter@2dd59bce, org.springframework.security.web.authentication.logout.LogoutFilter@2b7a07b1, org.springframework.security.web.authentication.www.BasicAuthenticationFilter@a953781, org.springframework.security.web.savedrequest.RequestCacheAwareFilter@6b4d18cc, org.springframework.security.web.servletapi.SecurityContextHolderAwareRequestFilter@6ac7e580, org.springframework.security.web.authentication.AnonymousAuthenticationFilter@102a8a22, org.springframework.security.web.session.SessionManagementFilter@1d3d9902, org.springframework.security.web.access.ExceptionTranslationFilter@7c15f14e, org.springframework.security.web.access.intercept.FilterSecurityInterceptor@24567e4c]
2023-01-12 10:07:59.615  INFO 2876 --- [restartedMain] o.s.s.web.DefaultSecurityFilterChain     : Will secure org.springframework.security.oauth2.config.annotation.web.configuration.ResourceServerConfiguration$NotOAuthRequestMatcher@5d514077 with [org.springframework.security.web.session.DisableEncodeUrlFilter@3c3e217b, org.springframework.security.web.context.request.async.WebAsyncManagerIntegrationFilter@5d8f59fa, org.springframework.security.web.context.SecurityContextPersistenceFilter@2cdb8d5a, org.springframework.security.web.header.HeaderWriterFilter@7e234db, org.springframework.security.web.authentication.logout.LogoutFilter@233cf705, org.springframework.security.oauth2.provider.authentication.OAuth2AuthenticationProcessingFilter@60eb2925, org.springframework.security.web.savedrequest.RequestCacheAwareFilter@3a382a34, org.springframework.security.web.servletapi.SecurityContextHolderAwareRequestFilter@2c6a8544, org.springframework.security.web.authentication.AnonymousAuthenticationFilter@58524fce, org.springframework.security.web.session.SessionManagementFilter@6fe2115d, org.springframework.security.web.access.ExceptionTranslationFilter@54c847a2, org.springframework.security.web.access.intercept.FilterSecurityInterceptor@33f6d5d0]
2023-01-12 10:07:59.618  INFO 2876 --- [restartedMain] o.s.s.web.DefaultSecurityFilterChain     : Will secure any request with [org.springframework.security.web.session.DisableEncodeUrlFilter@29e73344, org.springframework.security.web.context.request.async.WebAsyncManagerIntegrationFilter@21485c36, org.springframework.security.web.context.SecurityContextPersistenceFilter@149b22e, org.springframework.security.web.header.HeaderWriterFilter@6ccf1bd8, org.springframework.security.web.csrf.CsrfFilter@1af59b2e, org.springframework.security.web.authentication.logout.LogoutFilter@6d3f1d05, org.springframework.security.web.authentication.UsernamePasswordAuthenticationFilter@794c393, org.springframework.security.web.authentication.ui.DefaultLoginPageGeneratingFilter@7da1dadf, org.springframework.security.web.authentication.ui.DefaultLogoutPageGeneratingFilter@e19bd7, org.springframework.security.web.authentication.www.BasicAuthenticationFilter@23fecf1a, org.springframework.security.web.savedrequest.RequestCacheAwareFilter@454332a6, org.springframework.security.web.servletapi.SecurityContextHolderAwareRequestFilter@5146e00d, org.springframework.security.web.authentication.AnonymousAuthenticationFilter@55b212ce, org.springframework.security.web.session.SessionManagementFilter@37d36311, org.springframework.security.web.access.ExceptionTranslationFilter@d7936ef, org.springframework.security.web.access.intercept.FilterSecurityInterceptor@728f5503]
2023-01-12 10:07:59.695  INFO 2876 --- [restartedMain] o.s.b.d.a.OptionalLiveReloadServer       : LiveReload server is running on port 35729
2023-01-12 10:07:59.708  INFO 2876 --- [restartedMain] o.s.b.w.embedded.tomcat.TomcatWebServer  : Tomcat started on port(s): 8080 (http) with context path ''
2023-01-12 10:07:59.714  INFO 2876 --- [restartedMain] c.pws.admin.PwsAdminServiceApplication   : Started PwsAdminServiceApplication in 0.87 seconds (JVM running for 1496.205)
2023-01-12 10:07:59.715  INFO 2876 --- [restartedMain] .ConditionEvaluationDeltaLoggingListener : Condition evaluation unchanged
2023-01-12 10:08:13.470  INFO 2876 --- [Thread-11] j.LocalContainerEntityManagerFactoryBean : Closing JPA EntityManagerFactory for persistence unit 'default'
2023-01-12 10:08:13.470  INFO 2876 --- [Thread-11] com.zaxxer.hikari.HikariDataSource       : HikariPool-3 - Shutdown initiated...
2023-01-12 10:08:13.475  INFO 2876 --- [Thread-11] com.zaxxer.hikari.HikariDataSource       : HikariPool-3 - Shutdown completed.
2023-01-12 10:08:13.534  INFO 2876 --- [restartedMain] c.pws.admin.PwsAdminServiceApplication   : Starting PwsAdminServiceApplication using Java 17.0.5 on DESKTOP-CCRJIGP with PID 2876 (C:\Users\LENOVO\Downloads\admin-service (4)\admin-service\target\classes started by LENOVO in C:\Users\LENOVO\Downloads\admin-service (4)\admin-service)
2023-01-12 10:08:13.535  INFO 2876 --- [restartedMain] c.pws.admin.PwsAdminServiceApplication   : No active profile set, falling back to 1 default profile: "default"
2023-01-12 10:08:13.663  INFO 2876 --- [restartedMain] .s.d.r.c.RepositoryConfigurationDelegate : Bootstrapping Spring Data JPA repositories in DEFAULT mode.
2023-01-12 10:08:13.680  INFO 2876 --- [restartedMain] .s.d.r.c.RepositoryConfigurationDelegate : Finished Spring Data repository scanning in 16 ms. Found 5 JPA repository interfaces.
2023-01-12 10:08:13.756  INFO 2876 --- [restartedMain] o.s.b.w.embedded.tomcat.TomcatWebServer  : Tomcat initialized with port(s): 8080 (http)
2023-01-12 10:08:13.757  INFO 2876 --- [restartedMain] o.apache.catalina.core.StandardService   : Starting service [Tomcat]
2023-01-12 10:08:13.757  INFO 2876 --- [restartedMain] org.apache.catalina.core.StandardEngine  : Starting Servlet engine: [Apache Tomcat/9.0.65]
2023-01-12 10:08:13.770  INFO 2876 --- [restartedMain] o.a.c.c.C.[Tomcat].[localhost].[/]       : Initializing Spring embedded WebApplicationContext
2023-01-12 10:08:13.770  INFO 2876 --- [restartedMain] w.s.c.ServletWebServerApplicationContext : Root WebApplicationContext: initialization completed in 233 ms
2023-01-12 10:08:13.796  INFO 2876 --- [restartedMain] o.hibernate.jpa.internal.util.LogHelper  : HHH000204: Processing PersistenceUnitInfo [name: default]
2023-01-12 10:08:13.800  INFO 2876 --- [restartedMain] com.zaxxer.hikari.HikariDataSource       : HikariPool-4 - Starting...
2023-01-12 10:08:13.810  INFO 2876 --- [restartedMain] com.zaxxer.hikari.HikariDataSource       : HikariPool-4 - Start completed.
2023-01-12 10:08:13.811  INFO 2876 --- [restartedMain] org.hibernate.dialect.Dialect            : HHH000400: Using dialect: org.hibernate.dialect.MySQL5Dialect
2023-01-12 10:08:13.981  INFO 2876 --- [restartedMain] o.h.e.t.j.p.i.JtaPlatformInitiator       : HHH000490: Using JtaPlatform implementation: [org.hibernate.engine.transaction.jta.platform.internal.NoJtaPlatform]
2023-01-12 10:08:13.981  INFO 2876 --- [restartedMain] j.LocalContainerEntityManagerFactoryBean : Initialized JPA EntityManagerFactory for persistence unit 'default'
2023-01-12 10:08:14.104  WARN 2876 --- [restartedMain] JpaBaseConfiguration$JpaWebConfiguration : spring.jpa.open-in-view is enabled by default. Therefore, database queries may be performed during view rendering. Explicitly configure spring.jpa.open-in-view to disable this warning
2023-01-12 10:08:14.142  INFO 2876 --- [restartedMain] o.s.s.web.DefaultSecurityFilterChain     : Will secure Or [Ant [pattern='/oauth/token'], Ant [pattern='/oauth/token_key'], Ant [pattern='/oauth/check_token']] with [org.springframework.security.web.session.DisableEncodeUrlFilter@6492f3eb, org.springframework.security.web.context.request.async.WebAsyncManagerIntegrationFilter@4ca149a0, org.springframework.security.web.context.SecurityContextPersistenceFilter@4ab19358, org.springframework.security.web.header.HeaderWriterFilter@2123b191, org.springframework.security.web.authentication.logout.LogoutFilter@5b6068dd, org.springframework.security.web.authentication.www.BasicAuthenticationFilter@406a910d, org.springframework.security.web.savedrequest.RequestCacheAwareFilter@55065539, org.springframework.security.web.servletapi.SecurityContextHolderAwareRequestFilter@6995d931, org.springframework.security.web.authentication.AnonymousAuthenticationFilter@680270c2, org.springframework.security.web.session.SessionManagementFilter@62f2d3cf, org.springframework.security.web.access.ExceptionTranslationFilter@2c1667d0, org.springframework.security.web.access.intercept.FilterSecurityInterceptor@497dbf41]
2023-01-12 10:08:14.147  INFO 2876 --- [restartedMain] o.s.s.web.DefaultSecurityFilterChain     : Will secure org.springframework.security.oauth2.config.annotation.web.configuration.ResourceServerConfiguration$NotOAuthRequestMatcher@65fdcbc2 with [org.springframework.security.web.session.DisableEncodeUrlFilter@175eabeb, org.springframework.security.web.context.request.async.WebAsyncManagerIntegrationFilter@41e32703, org.springframework.security.web.context.SecurityContextPersistenceFilter@71640526, org.springframework.security.web.header.HeaderWriterFilter@7e5c6614, org.springframework.security.web.authentication.logout.LogoutFilter@31c5497, org.springframework.security.oauth2.provider.authentication.OAuth2AuthenticationProcessingFilter@21996bde, org.springframework.security.web.savedrequest.RequestCacheAwareFilter@ed2a6fc, org.springframework.security.web.servletapi.SecurityContextHolderAwareRequestFilter@13231df4, org.springframework.security.web.authentication.AnonymousAuthenticationFilter@174180df, org.springframework.security.web.session.SessionManagementFilter@307e339f, org.springframework.security.web.access.ExceptionTranslationFilter@34e97412, org.springframework.security.web.access.intercept.FilterSecurityInterceptor@3aed932b]
2023-01-12 10:08:14.149  INFO 2876 --- [restartedMain] o.s.s.web.DefaultSecurityFilterChain     : Will secure any request with [org.springframework.security.web.session.DisableEncodeUrlFilter@4be7cf03, org.springframework.security.web.context.request.async.WebAsyncManagerIntegrationFilter@7773777, org.springframework.security.web.context.SecurityContextPersistenceFilter@732360df, org.springframework.security.web.header.HeaderWriterFilter@5ced727a, org.springframework.security.web.csrf.CsrfFilter@236ca027, org.springframework.security.web.authentication.logout.LogoutFilter@16a950ce, org.springframework.security.web.authentication.UsernamePasswordAuthenticationFilter@1e960285, org.springframework.security.web.authentication.ui.DefaultLoginPageGeneratingFilter@2c7954f4, org.springframework.security.web.authentication.ui.DefaultLogoutPageGeneratingFilter@29db9f36, org.springframework.security.web.authentication.www.BasicAuthenticationFilter@4387faed, org.springframework.security.web.savedrequest.RequestCacheAwareFilter@6ad7030f, org.springframework.security.web.servletapi.SecurityContextHolderAwareRequestFilter@5d1ec28d, org.springframework.security.web.authentication.AnonymousAuthenticationFilter@55f75872, org.springframework.security.web.session.SessionManagementFilter@358883d1, org.springframework.security.web.access.ExceptionTranslationFilter@5c68a0b4, org.springframework.security.web.access.intercept.FilterSecurityInterceptor@64f50525]
2023-01-12 10:08:14.235  INFO 2876 --- [restartedMain] o.s.b.d.a.OptionalLiveReloadServer       : LiveReload server is running on port 35729
2023-01-12 10:08:14.250  INFO 2876 --- [restartedMain] o.s.b.w.embedded.tomcat.TomcatWebServer  : Tomcat started on port(s): 8080 (http) with context path ''
2023-01-12 10:08:14.254  INFO 2876 --- [restartedMain] c.pws.admin.PwsAdminServiceApplication   : Started PwsAdminServiceApplication in 0.742 seconds (JVM running for 1510.747)
2023-01-12 10:08:14.256  INFO 2876 --- [restartedMain] .ConditionEvaluationDeltaLoggingListener : Condition evaluation unchanged
2023-01-12 10:08:35.226  INFO 2876 --- [Thread-15] j.LocalContainerEntityManagerFactoryBean : Closing JPA EntityManagerFactory for persistence unit 'default'
2023-01-12 10:08:35.227  INFO 2876 --- [Thread-15] com.zaxxer.hikari.HikariDataSource       : HikariPool-4 - Shutdown initiated...
2023-01-12 10:08:35.232  INFO 2876 --- [Thread-15] com.zaxxer.hikari.HikariDataSource       : HikariPool-4 - Shutdown completed.
2023-01-12 10:08:35.300  INFO 2876 --- [restartedMain] c.pws.admin.PwsAdminServiceApplication   : Starting PwsAdminServiceApplication using Java 17.0.5 on DESKTOP-CCRJIGP with PID 2876 (C:\Users\LENOVO\Downloads\admin-service (4)\admin-service\target\classes started by LENOVO in C:\Users\LENOVO\Downloads\admin-service (4)\admin-service)
2023-01-12 10:08:35.300  INFO 2876 --- [restartedMain] c.pws.admin.PwsAdminServiceApplication   : No active profile set, falling back to 1 default profile: "default"
2023-01-12 10:08:35.418  INFO 2876 --- [restartedMain] .s.d.r.c.RepositoryConfigurationDelegate : Bootstrapping Spring Data JPA repositories in DEFAULT mode.
2023-01-12 10:08:35.436  INFO 2876 --- [restartedMain] .s.d.r.c.RepositoryConfigurationDelegate : Finished Spring Data repository scanning in 18 ms. Found 5 JPA repository interfaces.
2023-01-12 10:08:35.508  INFO 2876 --- [restartedMain] o.s.b.w.embedded.tomcat.TomcatWebServer  : Tomcat initialized with port(s): 8080 (http)
2023-01-12 10:08:35.510  INFO 2876 --- [restartedMain] o.apache.catalina.core.StandardService   : Starting service [Tomcat]
2023-01-12 10:08:35.510  INFO 2876 --- [restartedMain] org.apache.catalina.core.StandardEngine  : Starting Servlet engine: [Apache Tomcat/9.0.65]
2023-01-12 10:08:35.523  INFO 2876 --- [restartedMain] o.a.c.c.C.[Tomcat].[localhost].[/]       : Initializing Spring embedded WebApplicationContext
2023-01-12 10:08:35.523  INFO 2876 --- [restartedMain] w.s.c.ServletWebServerApplicationContext : Root WebApplicationContext: initialization completed in 221 ms
2023-01-12 10:08:35.551  INFO 2876 --- [restartedMain] o.hibernate.jpa.internal.util.LogHelper  : HHH000204: Processing PersistenceUnitInfo [name: default]
2023-01-12 10:08:35.556  INFO 2876 --- [restartedMain] com.zaxxer.hikari.HikariDataSource       : HikariPool-5 - Starting...
2023-01-12 10:08:35.568  INFO 2876 --- [restartedMain] com.zaxxer.hikari.HikariDataSource       : HikariPool-5 - Start completed.
2023-01-12 10:08:35.568  INFO 2876 --- [restartedMain] org.hibernate.dialect.Dialect            : HHH000400: Using dialect: org.hibernate.dialect.MySQL5Dialect
2023-01-12 10:08:35.746  INFO 2876 --- [restartedMain] o.h.e.t.j.p.i.JtaPlatformInitiator       : HHH000490: Using JtaPlatform implementation: [org.hibernate.engine.transaction.jta.platform.internal.NoJtaPlatform]
2023-01-12 10:08:35.746  INFO 2876 --- [restartedMain] j.LocalContainerEntityManagerFactoryBean : Initialized JPA EntityManagerFactory for persistence unit 'default'
2023-01-12 10:08:35.878  WARN 2876 --- [restartedMain] JpaBaseConfiguration$JpaWebConfiguration : spring.jpa.open-in-view is enabled by default. Therefore, database queries may be performed during view rendering. Explicitly configure spring.jpa.open-in-view to disable this warning
2023-01-12 10:08:35.919  INFO 2876 --- [restartedMain] o.s.s.web.DefaultSecurityFilterChain     : Will secure Or [Ant [pattern='/oauth/token'], Ant [pattern='/oauth/token_key'], Ant [pattern='/oauth/check_token']] with [org.springframework.security.web.session.DisableEncodeUrlFilter@7274e9e, org.springframework.security.web.context.request.async.WebAsyncManagerIntegrationFilter@7c1c0f7e, org.springframework.security.web.context.SecurityContextPersistenceFilter@72cca42b, org.springframework.security.web.header.HeaderWriterFilter@36e6e19f, org.springframework.security.web.authentication.logout.LogoutFilter@15982fdd, org.springframework.security.web.authentication.www.BasicAuthenticationFilter@35b9eb4f, org.springframework.security.web.savedrequest.RequestCacheAwareFilter@176eb59f, org.springframework.security.web.servletapi.SecurityContextHolderAwareRequestFilter@160554f4, org.springframework.security.web.authentication.AnonymousAuthenticationFilter@3d1cc150, org.springframework.security.web.session.SessionManagementFilter@76ec43f9, org.springframework.security.web.access.ExceptionTranslationFilter@72c2f0b5, org.springframework.security.web.access.intercept.FilterSecurityInterceptor@4280783d]
2023-01-12 10:08:35.923  INFO 2876 --- [restartedMain] o.s.s.web.DefaultSecurityFilterChain     : Will secure org.springframework.security.oauth2.config.annotation.web.configuration.ResourceServerConfiguration$NotOAuthRequestMatcher@3ab5dabb with [org.springframework.security.web.session.DisableEncodeUrlFilter@44042db, org.springframework.security.web.context.request.async.WebAsyncManagerIntegrationFilter@c2cb4d9, org.springframework.security.web.context.SecurityContextPersistenceFilter@e2b5752, org.springframework.security.web.header.HeaderWriterFilter@1706c49b, org.springframework.security.web.authentication.logout.LogoutFilter@580ce52a, org.springframework.security.oauth2.provider.authentication.OAuth2AuthenticationProcessingFilter@37b80503, org.springframework.security.web.savedrequest.RequestCacheAwareFilter@440efe5e, org.springframework.security.web.servletapi.SecurityContextHolderAwareRequestFilter@650dc858, org.springframework.security.web.authentication.AnonymousAuthenticationFilter@4f8a5e0a, org.springframework.security.web.session.SessionManagementFilter@4675fb04, org.springframework.security.web.access.ExceptionTranslationFilter@77d7b70e, org.springframework.security.web.access.intercept.FilterSecurityInterceptor@79175e48]
2023-01-12 10:08:35.926  INFO 2876 --- [restartedMain] o.s.s.web.DefaultSecurityFilterChain     : Will secure any request with [org.springframework.security.web.session.DisableEncodeUrlFilter@7f52e738, org.springframework.security.web.context.request.async.WebAsyncManagerIntegrationFilter@6199e828, org.springframework.security.web.context.SecurityContextPersistenceFilter@750e2aa2, org.springframework.security.web.header.HeaderWriterFilter@26ad54ca, org.springframework.security.web.csrf.CsrfFilter@28a8cded, org.springframework.security.web.authentication.logout.LogoutFilter@12a6fbc4, org.springframework.security.web.authentication.UsernamePasswordAuthenticationFilter@3a43b021, org.springframework.security.web.authentication.ui.DefaultLoginPageGeneratingFilter@5132b299, org.springframework.security.web.authentication.ui.DefaultLogoutPageGeneratingFilter@467c9e82, org.springframework.security.web.authentication.www.BasicAuthenticationFilter@29cac998, org.springframework.security.web.savedrequest.RequestCacheAwareFilter@3caf746a, org.springframework.security.web.servletapi.SecurityContextHolderAwareRequestFilter@70686c31, org.springframework.security.web.authentication.AnonymousAuthenticationFilter@390519dc, org.springframework.security.web.session.SessionManagementFilter@1b275b8e, org.springframework.security.web.access.ExceptionTranslationFilter@1ceab051, org.springframework.security.web.access.intercept.FilterSecurityInterceptor@7bbcad2f]
2023-01-12 10:08:35.996  INFO 2876 --- [restartedMain] o.s.b.d.a.OptionalLiveReloadServer       : LiveReload server is running on port 35729
2023-01-12 10:08:36.011  INFO 2876 --- [restartedMain] o.s.b.w.embedded.tomcat.TomcatWebServer  : Tomcat started on port(s): 8080 (http) with context path ''
2023-01-12 10:08:36.015  INFO 2876 --- [restartedMain] c.pws.admin.PwsAdminServiceApplication   : Started PwsAdminServiceApplication in 0.735 seconds (JVM running for 1532.508)
2023-01-12 10:08:36.016  INFO 2876 --- [restartedMain] .ConditionEvaluationDeltaLoggingListener : Condition evaluation unchanged
2023-01-12 10:08:48.759  INFO 2876 --- [Thread-19] j.LocalContainerEntityManagerFactoryBean : Closing JPA EntityManagerFactory for persistence unit 'default'
2023-01-12 10:08:48.776  INFO 2876 --- [Thread-19] com.zaxxer.hikari.HikariDataSource       : HikariPool-5 - Shutdown initiated...
2023-01-12 10:08:48.783  INFO 2876 --- [Thread-19] com.zaxxer.hikari.HikariDataSource       : HikariPool-5 - Shutdown completed.
2023-01-12 10:08:48.848  INFO 2876 --- [restartedMain] c.pws.admin.PwsAdminServiceApplication   : Starting PwsAdminServiceApplication using Java 17.0.5 on DESKTOP-CCRJIGP with PID 2876 (C:\Users\LENOVO\Downloads\admin-service (4)\admin-service\target\classes started by LENOVO in C:\Users\LENOVO\Downloads\admin-service (4)\admin-service)
2023-01-12 10:08:48.848  INFO 2876 --- [restartedMain] c.pws.admin.PwsAdminServiceApplication   : No active profile set, falling back to 1 default profile: "default"
2023-01-12 10:08:48.985  INFO 2876 --- [restartedMain] .s.d.r.c.RepositoryConfigurationDelegate : Bootstrapping Spring Data JPA repositories in DEFAULT mode.
2023-01-12 10:08:49.004  INFO 2876 --- [restartedMain] .s.d.r.c.RepositoryConfigurationDelegate : Finished Spring Data repository scanning in 18 ms. Found 5 JPA repository interfaces.
2023-01-12 10:08:49.076  INFO 2876 --- [restartedMain] o.s.b.w.embedded.tomcat.TomcatWebServer  : Tomcat initialized with port(s): 8080 (http)
2023-01-12 10:08:49.077  INFO 2876 --- [restartedMain] o.apache.catalina.core.StandardService   : Starting service [Tomcat]
2023-01-12 10:08:49.077  INFO 2876 --- [restartedMain] org.apache.catalina.core.StandardEngine  : Starting Servlet engine: [Apache Tomcat/9.0.65]
2023-01-12 10:08:49.095  INFO 2876 --- [restartedMain] o.a.c.c.C.[Tomcat].[localhost].[/]       : Initializing Spring embedded WebApplicationContext
2023-01-12 10:08:49.096  INFO 2876 --- [restartedMain] w.s.c.ServletWebServerApplicationContext : Root WebApplicationContext: initialization completed in 245 ms
2023-01-12 10:08:49.125  INFO 2876 --- [restartedMain] o.hibernate.jpa.internal.util.LogHelper  : HHH000204: Processing PersistenceUnitInfo [name: default]
2023-01-12 10:08:49.129  INFO 2876 --- [restartedMain] com.zaxxer.hikari.HikariDataSource       : HikariPool-6 - Starting...
2023-01-12 10:08:49.138  INFO 2876 --- [restartedMain] com.zaxxer.hikari.HikariDataSource       : HikariPool-6 - Start completed.
2023-01-12 10:08:49.139  INFO 2876 --- [restartedMain] org.hibernate.dialect.Dialect            : HHH000400: Using dialect: org.hibernate.dialect.MySQL5Dialect
2023-01-12 10:08:49.328  INFO 2876 --- [restartedMain] o.h.e.t.j.p.i.JtaPlatformInitiator       : HHH000490: Using JtaPlatform implementation: [org.hibernate.engine.transaction.jta.platform.internal.NoJtaPlatform]
2023-01-12 10:08:49.328  INFO 2876 --- [restartedMain] j.LocalContainerEntityManagerFactoryBean : Initialized JPA EntityManagerFactory for persistence unit 'default'
2023-01-12 10:08:49.463  WARN 2876 --- [restartedMain] JpaBaseConfiguration$JpaWebConfiguration : spring.jpa.open-in-view is enabled by default. Therefore, database queries may be performed during view rendering. Explicitly configure spring.jpa.open-in-view to disable this warning
2023-01-12 10:08:49.506  INFO 2876 --- [restartedMain] o.s.s.web.DefaultSecurityFilterChain     : Will secure Or [Ant [pattern='/oauth/token'], Ant [pattern='/oauth/token_key'], Ant [pattern='/oauth/check_token']] with [org.springframework.security.web.session.DisableEncodeUrlFilter@2a3d3261, org.springframework.security.web.context.request.async.WebAsyncManagerIntegrationFilter@6ce3c452, org.springframework.security.web.context.SecurityContextPersistenceFilter@1027edb1, org.springframework.security.web.header.HeaderWriterFilter@45e16bab, org.springframework.security.web.authentication.logout.LogoutFilter@72ed7e26, org.springframework.security.web.authentication.www.BasicAuthenticationFilter@719a3c65, org.springframework.security.web.savedrequest.RequestCacheAwareFilter@2765de7a, org.springframework.security.web.servletapi.SecurityContextHolderAwareRequestFilter@6997450e, org.springframework.security.web.authentication.AnonymousAuthenticationFilter@f3ef574, org.springframework.security.web.session.SessionManagementFilter@1ce509d6, org.springframework.security.web.access.ExceptionTranslationFilter@3b118c9b, org.springframework.security.web.access.intercept.FilterSecurityInterceptor@19af4238]
2023-01-12 10:08:49.509  INFO 2876 --- [restartedMain] o.s.s.web.DefaultSecurityFilterChain     : Will secure org.springframework.security.oauth2.config.annotation.web.configuration.ResourceServerConfiguration$NotOAuthRequestMatcher@5ce19738 with [org.springframework.security.web.session.DisableEncodeUrlFilter@201fc9f2, org.springframework.security.web.context.request.async.WebAsyncManagerIntegrationFilter@63e7257, org.springframework.security.web.context.SecurityContextPersistenceFilter@516a45b9, org.springframework.security.web.header.HeaderWriterFilter@1b762e3c, org.springframework.security.web.authentication.logout.LogoutFilter@4a0b312d, org.springframework.security.oauth2.provider.authentication.OAuth2AuthenticationProcessingFilter@2b909dbd, org.springframework.security.web.savedrequest.RequestCacheAwareFilter@4422e2a9, org.springframework.security.web.servletapi.SecurityContextHolderAwareRequestFilter@6e0f23df, org.springframework.security.web.authentication.AnonymousAuthenticationFilter@1f0cee79, org.springframework.security.web.session.SessionManagementFilter@5fff0305, org.springframework.security.web.access.ExceptionTranslationFilter@499b98cd, org.springframework.security.web.access.intercept.FilterSecurityInterceptor@1791d74e]
2023-01-12 10:08:49.511  INFO 2876 --- [restartedMain] o.s.s.web.DefaultSecurityFilterChain     : Will secure any request with [org.springframework.security.web.session.DisableEncodeUrlFilter@6121f6ac, org.springframework.security.web.context.request.async.WebAsyncManagerIntegrationFilter@7adab405, org.springframework.security.web.context.SecurityContextPersistenceFilter@30ef633b, org.springframework.security.web.header.HeaderWriterFilter@5f530425, org.springframework.security.web.csrf.CsrfFilter@7cf1360a, org.springframework.security.web.authentication.logout.LogoutFilter@11311ec5, org.springframework.security.web.authentication.UsernamePasswordAuthenticationFilter@6901de4, org.springframework.security.web.authentication.ui.DefaultLoginPageGeneratingFilter@2c361bb5, org.springframework.security.web.authentication.ui.DefaultLogoutPageGeneratingFilter@7ca3e987, org.springframework.security.web.authentication.www.BasicAuthenticationFilter@144ea45e, org.springframework.security.web.savedrequest.RequestCacheAwareFilter@74204d8a, org.springframework.security.web.servletapi.SecurityContextHolderAwareRequestFilter@33151d07, org.springframework.security.web.authentication.AnonymousAuthenticationFilter@1daece19, org.springframework.security.web.session.SessionManagementFilter@45db5cec, org.springframework.security.web.access.ExceptionTranslationFilter@7a57cb9f, org.springframework.security.web.access.intercept.FilterSecurityInterceptor@32d536a3]
2023-01-12 10:08:49.581  INFO 2876 --- [restartedMain] o.s.b.d.a.OptionalLiveReloadServer       : LiveReload server is running on port 35729
2023-01-12 10:08:49.589  INFO 2876 --- [restartedMain] o.s.b.w.embedded.tomcat.TomcatWebServer  : Tomcat started on port(s): 8080 (http) with context path ''
2023-01-12 10:08:49.593  INFO 2876 --- [restartedMain] c.pws.admin.PwsAdminServiceApplication   : Started PwsAdminServiceApplication in 0.771 seconds (JVM running for 1546.085)
2023-01-12 10:08:49.594  INFO 2876 --- [restartedMain] .ConditionEvaluationDeltaLoggingListener : Condition evaluation unchanged
2023-01-12 10:08:58.261  INFO 2876 --- [Thread-23] j.LocalContainerEntityManagerFactoryBean : Closing JPA EntityManagerFactory for persistence unit 'default'
2023-01-12 10:08:58.262  INFO 2876 --- [Thread-23] com.zaxxer.hikari.HikariDataSource       : HikariPool-6 - Shutdown initiated...
2023-01-12 10:08:58.268  INFO 2876 --- [Thread-23] com.zaxxer.hikari.HikariDataSource       : HikariPool-6 - Shutdown completed.
2023-01-12 10:08:58.336  INFO 2876 --- [restartedMain] c.pws.admin.PwsAdminServiceApplication   : Starting PwsAdminServiceApplication using Java 17.0.5 on DESKTOP-CCRJIGP with PID 2876 (C:\Users\LENOVO\Downloads\admin-service (4)\admin-service\target\classes started by LENOVO in C:\Users\LENOVO\Downloads\admin-service (4)\admin-service)
2023-01-12 10:08:58.336  INFO 2876 --- [restartedMain] c.pws.admin.PwsAdminServiceApplication   : No active profile set, falling back to 1 default profile: "default"
2023-01-12 10:08:58.501  INFO 2876 --- [restartedMain] .s.d.r.c.RepositoryConfigurationDelegate : Bootstrapping Spring Data JPA repositories in DEFAULT mode.
2023-01-12 10:08:58.522  INFO 2876 --- [restartedMain] .s.d.r.c.RepositoryConfigurationDelegate : Finished Spring Data repository scanning in 20 ms. Found 5 JPA repository interfaces.
2023-01-12 10:08:58.631  INFO 2876 --- [restartedMain] o.s.b.w.embedded.tomcat.TomcatWebServer  : Tomcat initialized with port(s): 8080 (http)
2023-01-12 10:08:58.632  INFO 2876 --- [restartedMain] o.apache.catalina.core.StandardService   : Starting service [Tomcat]
2023-01-12 10:08:58.632  INFO 2876 --- [restartedMain] org.apache.catalina.core.StandardEngine  : Starting Servlet engine: [Apache Tomcat/9.0.65]
2023-01-12 10:08:58.649  INFO 2876 --- [restartedMain] o.a.c.c.C.[Tomcat].[localhost].[/]       : Initializing Spring embedded WebApplicationContext
2023-01-12 10:08:58.649  INFO 2876 --- [restartedMain] w.s.c.ServletWebServerApplicationContext : Root WebApplicationContext: initialization completed in 308 ms
2023-01-12 10:08:58.715  INFO 2876 --- [restartedMain] o.hibernate.jpa.internal.util.LogHelper  : HHH000204: Processing PersistenceUnitInfo [name: default]
2023-01-12 10:08:58.721  INFO 2876 --- [restartedMain] com.zaxxer.hikari.HikariDataSource       : HikariPool-7 - Starting...
2023-01-12 10:08:58.733  INFO 2876 --- [restartedMain] com.zaxxer.hikari.HikariDataSource       : HikariPool-7 - Start completed.
2023-01-12 10:08:58.733  INFO 2876 --- [restartedMain] org.hibernate.dialect.Dialect            : HHH000400: Using dialect: org.hibernate.dialect.MySQL5Dialect
2023-01-12 10:08:58.939  INFO 2876 --- [restartedMain] o.h.e.t.j.p.i.JtaPlatformInitiator       : HHH000490: Using JtaPlatform implementation: [org.hibernate.engine.transaction.jta.platform.internal.NoJtaPlatform]
2023-01-12 10:08:58.940  INFO 2876 --- [restartedMain] j.LocalContainerEntityManagerFactoryBean : Initialized JPA EntityManagerFactory for persistence unit 'default'
2023-01-12 10:08:59.074  WARN 2876 --- [restartedMain] JpaBaseConfiguration$JpaWebConfiguration : spring.jpa.open-in-view is enabled by default. Therefore, database queries may be performed during view rendering. Explicitly configure spring.jpa.open-in-view to disable this warning
2023-01-12 10:08:59.141  INFO 2876 --- [restartedMain] o.s.s.web.DefaultSecurityFilterChain     : Will secure Or [Ant [pattern='/oauth/token'], Ant [pattern='/oauth/token_key'], Ant [pattern='/oauth/check_token']] with [org.springframework.security.web.session.DisableEncodeUrlFilter@5dc1c38, org.springframework.security.web.context.request.async.WebAsyncManagerIntegrationFilter@300916b8, org.springframework.security.web.context.SecurityContextPersistenceFilter@4faebd30, org.springframework.security.web.header.HeaderWriterFilter@26159f3f, org.springframework.security.web.authentication.logout.LogoutFilter@5de91642, org.springframework.security.web.authentication.www.BasicAuthenticationFilter@6e65dcde, org.springframework.security.web.savedrequest.RequestCacheAwareFilter@1b910e86, org.springframework.security.web.servletapi.SecurityContextHolderAwareRequestFilter@11f796ac, org.springframework.security.web.authentication.AnonymousAuthenticationFilter@102f91f4, org.springframework.security.web.session.SessionManagementFilter@2a9b91ce, org.springframework.security.web.access.ExceptionTranslationFilter@4ae3c112, org.springframework.security.web.access.intercept.FilterSecurityInterceptor@623847da]
2023-01-12 10:08:59.146  INFO 2876 --- [restartedMain] o.s.s.web.DefaultSecurityFilterChain     : Will secure org.springframework.security.oauth2.config.annotation.web.configuration.ResourceServerConfiguration$NotOAuthRequestMatcher@5a4201eb with [org.springframework.security.web.session.DisableEncodeUrlFilter@69e90fce, org.springframework.security.web.context.request.async.WebAsyncManagerIntegrationFilter@f32432b, org.springframework.security.web.context.SecurityContextPersistenceFilter@13fd7a7e, org.springframework.security.web.header.HeaderWriterFilter@4bf803ce, org.springframework.security.web.authentication.logout.LogoutFilter@5642013e, org.springframework.security.oauth2.provider.authentication.OAuth2AuthenticationProcessingFilter@7c2b9d51, org.springframework.security.web.savedrequest.RequestCacheAwareFilter@5c224984, org.springframework.security.web.servletapi.SecurityContextHolderAwareRequestFilter@57cfd7bd, org.springframework.security.web.authentication.AnonymousAuthenticationFilter@4700f8f6, org.springframework.security.web.session.SessionManagementFilter@b1e5793, org.springframework.security.web.access.ExceptionTranslationFilter@3998124, org.springframework.security.web.access.intercept.FilterSecurityInterceptor@243d88eb]
2023-01-12 10:08:59.151  INFO 2876 --- [restartedMain] o.s.s.web.DefaultSecurityFilterChain     : Will secure any request with [org.springframework.security.web.session.DisableEncodeUrlFilter@17444dfe, org.springframework.security.web.context.request.async.WebAsyncManagerIntegrationFilter@2153fb3c, org.springframework.security.web.context.SecurityContextPersistenceFilter@13634aed, org.springframework.security.web.header.HeaderWriterFilter@29227952, org.springframework.security.web.csrf.CsrfFilter@5a4077d6, org.springframework.security.web.authentication.logout.LogoutFilter@63160aaa, org.springframework.security.web.authentication.UsernamePasswordAuthenticationFilter@21c9264e, org.springframework.security.web.authentication.ui.DefaultLoginPageGeneratingFilter@44ade8f2, org.springframework.security.web.authentication.ui.DefaultLogoutPageGeneratingFilter@4940520e, org.springframework.security.web.authentication.www.BasicAuthenticationFilter@7259ff65, org.springframework.security.web.savedrequest.RequestCacheAwareFilter@178725ed, org.springframework.security.web.servletapi.SecurityContextHolderAwareRequestFilter@2dd536a6, org.springframework.security.web.authentication.AnonymousAuthenticationFilter@74df3e94, org.springframework.security.web.session.SessionManagementFilter@4ac46aa4, org.springframework.security.web.access.ExceptionTranslationFilter@7c4f15f1, org.springframework.security.web.access.intercept.FilterSecurityInterceptor@554c6dbf]
2023-01-12 10:08:59.235  INFO 2876 --- [restartedMain] o.s.b.d.a.OptionalLiveReloadServer       : LiveReload server is running on port 35729
2023-01-12 10:08:59.249  INFO 2876 --- [restartedMain] o.s.b.w.embedded.tomcat.TomcatWebServer  : Tomcat started on port(s): 8080 (http) with context path ''
2023-01-12 10:08:59.253  INFO 2876 --- [restartedMain] c.pws.admin.PwsAdminServiceApplication   : Started PwsAdminServiceApplication in 0.942 seconds (JVM running for 1555.745)
2023-01-12 10:08:59.254  INFO 2876 --- [restartedMain] .ConditionEvaluationDeltaLoggingListener : Condition evaluation unchanged
2023-01-12 10:09:20.225  INFO 2876 --- [Thread-27] j.LocalContainerEntityManagerFactoryBean : Closing JPA EntityManagerFactory for persistence unit 'default'
2023-01-12 10:09:20.226  INFO 2876 --- [Thread-27] com.zaxxer.hikari.HikariDataSource       : HikariPool-7 - Shutdown initiated...
2023-01-12 10:09:20.231  INFO 2876 --- [Thread-27] com.zaxxer.hikari.HikariDataSource       : HikariPool-7 - Shutdown completed.
2023-01-12 10:09:20.301  INFO 2876 --- [restartedMain] c.pws.admin.PwsAdminServiceApplication   : Starting PwsAdminServiceApplication using Java 17.0.5 on DESKTOP-CCRJIGP with PID 2876 (C:\Users\LENOVO\Downloads\admin-service (4)\admin-service\target\classes started by LENOVO in C:\Users\LENOVO\Downloads\admin-service (4)\admin-service)
2023-01-12 10:09:20.301  INFO 2876 --- [restartedMain] c.pws.admin.PwsAdminServiceApplication   : No active profile set, falling back to 1 default profile: "default"
2023-01-12 10:09:20.446  INFO 2876 --- [restartedMain] .s.d.r.c.RepositoryConfigurationDelegate : Bootstrapping Spring Data JPA repositories in DEFAULT mode.
2023-01-12 10:09:20.471  INFO 2876 --- [restartedMain] .s.d.r.c.RepositoryConfigurationDelegate : Finished Spring Data repository scanning in 24 ms. Found 5 JPA repository interfaces.
2023-01-12 10:09:20.555  INFO 2876 --- [restartedMain] o.s.b.w.embedded.tomcat.TomcatWebServer  : Tomcat initialized with port(s): 8080 (http)
2023-01-12 10:09:20.555  INFO 2876 --- [restartedMain] o.apache.catalina.core.StandardService   : Starting service [Tomcat]
2023-01-12 10:09:20.555  INFO 2876 --- [restartedMain] org.apache.catalina.core.StandardEngine  : Starting Servlet engine: [Apache Tomcat/9.0.65]
2023-01-12 10:09:20.567  INFO 2876 --- [restartedMain] o.a.c.c.C.[Tomcat].[localhost].[/]       : Initializing Spring embedded WebApplicationContext
2023-01-12 10:09:20.567  INFO 2876 --- [restartedMain] w.s.c.ServletWebServerApplicationContext : Root WebApplicationContext: initialization completed in 263 ms
2023-01-12 10:09:20.600  INFO 2876 --- [restartedMain] o.hibernate.jpa.internal.util.LogHelper  : HHH000204: Processing PersistenceUnitInfo [name: default]
2023-01-12 10:09:20.605  INFO 2876 --- [restartedMain] com.zaxxer.hikari.HikariDataSource       : HikariPool-8 - Starting...
2023-01-12 10:09:20.616  INFO 2876 --- [restartedMain] com.zaxxer.hikari.HikariDataSource       : HikariPool-8 - Start completed.
2023-01-12 10:09:20.617  INFO 2876 --- [restartedMain] org.hibernate.dialect.Dialect            : HHH000400: Using dialect: org.hibernate.dialect.MySQL5Dialect
2023-01-12 10:09:20.790  INFO 2876 --- [restartedMain] o.h.e.t.j.p.i.JtaPlatformInitiator       : HHH000490: Using JtaPlatform implementation: [org.hibernate.engine.transaction.jta.platform.internal.NoJtaPlatform]
2023-01-12 10:09:20.790  INFO 2876 --- [restartedMain] j.LocalContainerEntityManagerFactoryBean : Initialized JPA EntityManagerFactory for persistence unit 'default'
2023-01-12 10:09:20.911  WARN 2876 --- [restartedMain] JpaBaseConfiguration$JpaWebConfiguration : spring.jpa.open-in-view is enabled by default. Therefore, database queries may be performed during view rendering. Explicitly configure spring.jpa.open-in-view to disable this warning
2023-01-12 10:09:20.946  INFO 2876 --- [restartedMain] o.s.s.web.DefaultSecurityFilterChain     : Will secure Or [Ant [pattern='/oauth/token'], Ant [pattern='/oauth/token_key'], Ant [pattern='/oauth/check_token']] with [org.springframework.security.web.session.DisableEncodeUrlFilter@181d1ef4, org.springframework.security.web.context.request.async.WebAsyncManagerIntegrationFilter@7158f3ad, org.springframework.security.web.context.SecurityContextPersistenceFilter@2276b8cf, org.springframework.security.web.header.HeaderWriterFilter@4670f666, org.springframework.security.web.authentication.logout.LogoutFilter@38598ba0, org.springframework.security.web.authentication.www.BasicAuthenticationFilter@766f2936, org.springframework.security.web.savedrequest.RequestCacheAwareFilter@361cb45d, org.springframework.security.web.servletapi.SecurityContextHolderAwareRequestFilter@771eb73e, org.springframework.security.web.authentication.AnonymousAuthenticationFilter@34e9a51b, org.springframework.security.web.session.SessionManagementFilter@43437f72, org.springframework.security.web.access.ExceptionTranslationFilter@4d4b26aa, org.springframework.security.web.access.intercept.FilterSecurityInterceptor@6855b421]
2023-01-12 10:09:20.951  INFO 2876 --- [restartedMain] o.s.s.web.DefaultSecurityFilterChain     : Will secure org.springframework.security.oauth2.config.annotation.web.configuration.ResourceServerConfiguration$NotOAuthRequestMatcher@7a473dda with [org.springframework.security.web.session.DisableEncodeUrlFilter@68cf37e6, org.springframework.security.web.context.request.async.WebAsyncManagerIntegrationFilter@1157d71a, org.springframework.security.web.context.SecurityContextPersistenceFilter@7f370265, org.springframework.security.web.header.HeaderWriterFilter@13ee3b2f, org.springframework.security.web.authentication.logout.LogoutFilter@36a93283, org.springframework.security.oauth2.provider.authentication.OAuth2AuthenticationProcessingFilter@20f39cf9, org.springframework.security.web.savedrequest.RequestCacheAwareFilter@5a429940, org.springframework.security.web.servletapi.SecurityContextHolderAwareRequestFilter@3897f664, org.springframework.security.web.authentication.AnonymousAuthenticationFilter@16771bf5, org.springframework.security.web.session.SessionManagementFilter@1aaa67c4, org.springframework.security.web.access.ExceptionTranslationFilter@26306c17, org.springframework.security.web.access.intercept.FilterSecurityInterceptor@57ea09ac]
2023-01-12 10:09:20.954  INFO 2876 --- [restartedMain] o.s.s.web.DefaultSecurityFilterChain     : Will secure any request with [org.springframework.security.web.session.DisableEncodeUrlFilter@7875aee0, org.springframework.security.web.context.request.async.WebAsyncManagerIntegrationFilter@58453118, org.springframework.security.web.context.SecurityContextPersistenceFilter@1836da28, org.springframework.security.web.header.HeaderWriterFilter@a317825, org.springframework.security.web.csrf.CsrfFilter@3f3f9a37, org.springframework.security.web.authentication.logout.LogoutFilter@757e6875, org.springframework.security.web.authentication.UsernamePasswordAuthenticationFilter@4b89f870, org.springframework.security.web.authentication.ui.DefaultLoginPageGeneratingFilter@58588a82, org.springframework.security.web.authentication.ui.DefaultLogoutPageGeneratingFilter@5c0b0818, org.springframework.security.web.authentication.www.BasicAuthenticationFilter@1550982, org.springframework.security.web.savedrequest.RequestCacheAwareFilter@5a5b36ea, org.springframework.security.web.servletapi.SecurityContextHolderAwareRequestFilter@5baa9dd4, org.springframework.security.web.authentication.AnonymousAuthenticationFilter@753b0302, org.springframework.security.web.session.SessionManagementFilter@5b9b1d4e, org.springframework.security.web.access.ExceptionTranslationFilter@3d2fe004, org.springframework.security.web.access.intercept.FilterSecurityInterceptor@199720e6]
2023-01-12 10:09:21.026  INFO 2876 --- [restartedMain] o.s.b.d.a.OptionalLiveReloadServer       : LiveReload server is running on port 35729
2023-01-12 10:09:21.035  INFO 2876 --- [restartedMain] o.s.b.w.embedded.tomcat.TomcatWebServer  : Tomcat started on port(s): 8080 (http) with context path ''
2023-01-12 10:09:21.039  INFO 2876 --- [restartedMain] c.pws.admin.PwsAdminServiceApplication   : Started PwsAdminServiceApplication in 0.767 seconds (JVM running for 1577.531)
2023-01-12 10:09:21.040  INFO 2876 --- [restartedMain] .ConditionEvaluationDeltaLoggingListener : Condition evaluation unchanged
2023-01-12 10:09:36.874  INFO 2876 --- [Thread-31] j.LocalContainerEntityManagerFactoryBean : Closing JPA EntityManagerFactory for persistence unit 'default'
2023-01-12 10:09:36.874  INFO 2876 --- [Thread-31] com.zaxxer.hikari.HikariDataSource       : HikariPool-8 - Shutdown initiated...
2023-01-12 10:09:36.880  INFO 2876 --- [Thread-31] com.zaxxer.hikari.HikariDataSource       : HikariPool-8 - Shutdown completed.
2023-01-12 10:09:36.951  INFO 2876 --- [restartedMain] c.pws.admin.PwsAdminServiceApplication   : Starting PwsAdminServiceApplication using Java 17.0.5 on DESKTOP-CCRJIGP with PID 2876 (C:\Users\LENOVO\Downloads\admin-service (4)\admin-service\target\classes started by LENOVO in C:\Users\LENOVO\Downloads\admin-service (4)\admin-service)
2023-01-12 10:09:36.952  INFO 2876 --- [restartedMain] c.pws.admin.PwsAdminServiceApplication   : No active profile set, falling back to 1 default profile: "default"
2023-01-12 10:09:37.108  INFO 2876 --- [restartedMain] .s.d.r.c.RepositoryConfigurationDelegate : Bootstrapping Spring Data JPA repositories in DEFAULT mode.
2023-01-12 10:09:37.127  INFO 2876 --- [restartedMain] .s.d.r.c.RepositoryConfigurationDelegate : Finished Spring Data repository scanning in 17 ms. Found 5 JPA repository interfaces.
2023-01-12 10:09:37.205  INFO 2876 --- [restartedMain] o.s.b.w.embedded.tomcat.TomcatWebServer  : Tomcat initialized with port(s): 8080 (http)
2023-01-12 10:09:37.206  INFO 2876 --- [restartedMain] o.apache.catalina.core.StandardService   : Starting service [Tomcat]
2023-01-12 10:09:37.206  INFO 2876 --- [restartedMain] org.apache.catalina.core.StandardEngine  : Starting Servlet engine: [Apache Tomcat/9.0.65]
2023-01-12 10:09:37.226  INFO 2876 --- [restartedMain] o.a.c.c.C.[Tomcat].[localhost].[/]       : Initializing Spring embedded WebApplicationContext
2023-01-12 10:09:37.226  INFO 2876 --- [restartedMain] w.s.c.ServletWebServerApplicationContext : Root WebApplicationContext: initialization completed in 268 ms
2023-01-12 10:09:37.253  INFO 2876 --- [restartedMain] o.hibernate.jpa.internal.util.LogHelper  : HHH000204: Processing PersistenceUnitInfo [name: default]
2023-01-12 10:09:37.257  INFO 2876 --- [restartedMain] com.zaxxer.hikari.HikariDataSource       : HikariPool-9 - Starting...
2023-01-12 10:09:37.268  INFO 2876 --- [restartedMain] com.zaxxer.hikari.HikariDataSource       : HikariPool-9 - Start completed.
2023-01-12 10:09:37.268  INFO 2876 --- [restartedMain] org.hibernate.dialect.Dialect            : HHH000400: Using dialect: org.hibernate.dialect.MySQL5Dialect
2023-01-12 10:09:37.448  INFO 2876 --- [restartedMain] o.h.e.t.j.p.i.JtaPlatformInitiator       : HHH000490: Using JtaPlatform implementation: [org.hibernate.engine.transaction.jta.platform.internal.NoJtaPlatform]
2023-01-12 10:09:37.448  INFO 2876 --- [restartedMain] j.LocalContainerEntityManagerFactoryBean : Initialized JPA EntityManagerFactory for persistence unit 'default'
2023-01-12 10:09:37.575  WARN 2876 --- [restartedMain] JpaBaseConfiguration$JpaWebConfiguration : spring.jpa.open-in-view is enabled by default. Therefore, database queries may be performed during view rendering. Explicitly configure spring.jpa.open-in-view to disable this warning
2023-01-12 10:09:37.613  INFO 2876 --- [restartedMain] o.s.s.web.DefaultSecurityFilterChain     : Will secure Or [Ant [pattern='/oauth/token'], Ant [pattern='/oauth/token_key'], Ant [pattern='/oauth/check_token']] with [org.springframework.security.web.session.DisableEncodeUrlFilter@4a0f016e, org.springframework.security.web.context.request.async.WebAsyncManagerIntegrationFilter@1ba94e7a, org.springframework.security.web.context.SecurityContextPersistenceFilter@466fc5ea, org.springframework.security.web.header.HeaderWriterFilter@616e2c80, org.springframework.security.web.authentication.logout.LogoutFilter@2ac57908, org.springframework.security.web.authentication.www.BasicAuthenticationFilter@55d0cdf9, org.springframework.security.web.savedrequest.RequestCacheAwareFilter@25aab207, org.springframework.security.web.servletapi.SecurityContextHolderAwareRequestFilter@3530901e, org.springframework.security.web.authentication.AnonymousAuthenticationFilter@6dd370, org.springframework.security.web.session.SessionManagementFilter@713ad20a, org.springframework.security.web.access.ExceptionTranslationFilter@b2d0169, org.springframework.security.web.access.intercept.FilterSecurityInterceptor@2ad6212e]
2023-01-12 10:09:37.617  INFO 2876 --- [restartedMain] o.s.s.web.DefaultSecurityFilterChain     : Will secure org.springframework.security.oauth2.config.annotation.web.configuration.ResourceServerConfiguration$NotOAuthRequestMatcher@57be05df with [org.springframework.security.web.session.DisableEncodeUrlFilter@67ffd92e, org.springframework.security.web.context.request.async.WebAsyncManagerIntegrationFilter@55e28fa1, org.springframework.security.web.context.SecurityContextPersistenceFilter@78ae7098, org.springframework.security.web.header.HeaderWriterFilter@d77448d, org.springframework.security.web.authentication.logout.LogoutFilter@3ffd4f3f, org.springframework.security.oauth2.provider.authentication.OAuth2AuthenticationProcessingFilter@2c513a73, org.springframework.security.web.savedrequest.RequestCacheAwareFilter@62bbdc53, org.springframework.security.web.servletapi.SecurityContextHolderAwareRequestFilter@55dfbfa5, org.springframework.security.web.authentication.AnonymousAuthenticationFilter@7bea3bd9, org.springframework.security.web.session.SessionManagementFilter@74c2a406, org.springframework.security.web.access.ExceptionTranslationFilter@5f68bcf2, org.springframework.security.web.access.intercept.FilterSecurityInterceptor@de4785c]
2023-01-12 10:09:37.622  INFO 2876 --- [restartedMain] o.s.s.web.DefaultSecurityFilterChain     : Will secure any request with [org.springframework.security.web.session.DisableEncodeUrlFilter@2f557d4b, org.springframework.security.web.context.request.async.WebAsyncManagerIntegrationFilter@143b2bd5, org.springframework.security.web.context.SecurityContextPersistenceFilter@32f3230e, org.springframework.security.web.header.HeaderWriterFilter@764c89fb, org.springframework.security.web.csrf.CsrfFilter@20391bf2, org.springframework.security.web.authentication.logout.LogoutFilter@1977e2d4, org.springframework.security.web.authentication.UsernamePasswordAuthenticationFilter@60990a14, org.springframework.security.web.authentication.ui.DefaultLoginPageGeneratingFilter@14f78dd2, org.springframework.security.web.authentication.ui.DefaultLogoutPageGeneratingFilter@3c5a4aec, org.springframework.security.web.authentication.www.BasicAuthenticationFilter@bf6cfc1, org.springframework.security.web.savedrequest.RequestCacheAwareFilter@36821c97, org.springframework.security.web.servletapi.SecurityContextHolderAwareRequestFilter@241358ed, org.springframework.security.web.authentication.AnonymousAuthenticationFilter@16f1261, org.springframework.security.web.session.SessionManagementFilter@5a7d4538, org.springframework.security.web.access.ExceptionTranslationFilter@2855940b, org.springframework.security.web.access.intercept.FilterSecurityInterceptor@2fe286e2]
2023-01-12 10:09:37.718  INFO 2876 --- [restartedMain] o.s.b.d.a.OptionalLiveReloadServer       : LiveReload server is running on port 35729
2023-01-12 10:09:37.732  INFO 2876 --- [restartedMain] o.s.b.w.embedded.tomcat.TomcatWebServer  : Tomcat started on port(s): 8080 (http) with context path ''
2023-01-12 10:09:37.738  INFO 2876 --- [restartedMain] c.pws.admin.PwsAdminServiceApplication   : Started PwsAdminServiceApplication in 0.817 seconds (JVM running for 1594.23)
2023-01-12 10:09:37.740  INFO 2876 --- [restartedMain] .ConditionEvaluationDeltaLoggingListener : Condition evaluation unchanged
2023-01-12 10:13:56.588  INFO 2876 --- [http-nio-8080-exec-3] o.a.c.c.C.[Tomcat].[localhost].[/]       : Initializing Spring DispatcherServlet 'dispatcherServlet'
2023-01-12 10:13:56.589  INFO 2876 --- [http-nio-8080-exec-3] o.s.web.servlet.DispatcherServlet        : Initializing Servlet 'dispatcherServlet'
2023-01-12 10:13:56.590  INFO 2876 --- [http-nio-8080-exec-3] o.s.web.servlet.DispatcherServlet        : Completed initialization in 1 ms
2023-01-12 10:14:14.837 ERROR 2876 --- [http-nio-8080-exec-4] c.p.a.e.config.RestExceptionHandler      : Error : ApiError(timestamp=2023-01-12T10:14:14.837761700, status=400, error=400 BAD_REQUEST, message=Id Not , debugMessage=null, subErrors=null)
2023-01-12 10:14:14.845  WARN 2876 --- [http-nio-8080-exec-4] .m.m.a.ExceptionHandlerExceptionResolver : Resolved [com.pws.admin.exception.config.PWSException: Id Not ]
2023-01-12 12:59:16.540  WARN 2876 --- [HikariPool-9 housekeeper] com.zaxxer.hikari.pool.HikariPool        : HikariPool-9 - Thread starvation or clock leap detected (housekeeper delta=22m6s753ms835s600ns).
2023-01-12 13:27:35.010  INFO 2876 --- [RMI TCP Connection(207)-127.0.0.1] inMXBeanRegistrar$SpringApplicationAdmin : Application shutdown requested.
2023-01-12 13:27:35.075  INFO 2876 --- [RMI TCP Connection(207)-127.0.0.1] j.LocalContainerEntityManagerFactoryBean : Closing JPA EntityManagerFactory for persistence unit 'default'
2023-01-12 13:27:35.082  INFO 2876 --- [RMI TCP Connection(207)-127.0.0.1] com.zaxxer.hikari.HikariDataSource       : HikariPool-9 - Shutdown initiated...
2023-01-12 13:27:35.089  INFO 2876 --- [RMI TCP Connection(207)-127.0.0.1] com.zaxxer.hikari.HikariDataSource       : HikariPool-9 - Shutdown completed.
